 ====== Linting examples/example.clar... ======
Warning: Use of tx-sender inside an assert
  |
1 | (asserts! (is-eq tx-sender sender) err-not-token-owner)
  |  ^^^^^^^^

Warning: Use of divide inside a multiplication. This could result in a precision loss
  |
2 | (* (/ 4 3) 2)
  |  ^

Warning: Use of call-contract? inside an as-contract context.
  |
3 | (try! (as-contract (contract-call? .timelocked-wallet claim)))
  |        ^^^^^^^^^^^

Warning: Use of unwrap-panic. Use unwrap! and handle the error.
  |
7 | (unwrap-panic (ok (1))
  |  ^^^^^^^^^^^^

Warning: Use of block-height inside a assert
  |
9 | (asserts! (> block-height constant) err-some-error)
  |  ^^^^^^^^


 ====== Linting examples/multisig_vault.clar... ======
Warning: Use of tx-sender inside an assert
   |
17 |         (asserts! (is-eq tx-sender contract-owner) err-owner-only)
   |          ^^^^^^^^

Warning: Use of tx-sender inside an assert
   |
28 |         (asserts! (is-some (index-of (var-get members) tx-sender)) err-not-a-member)
   |          ^^^^^^^^


 ====== Linting examples/sip009-nft.clar... ======
Warning: Use of tx-sender inside an assert
   |
25 |         (asserts! (is-eq tx-sender sender) err-not-token-owner)
   |          ^^^^^^^^

Warning: Use of tx-sender inside an assert
   |
35 |         (asserts! (is-eq tx-sender contract-owner) err-owner-only)
   |          ^^^^^^^^


 ====== Linting examples/sip010-ft.clar... ======
Warning: Use of tx-sender inside an assert
   |
25 |         (asserts! (is-eq tx-sender sender) err-not-token-owner)
   |          ^^^^^^^^

Warning: Use of tx-sender inside an assert
   |
35 |         (asserts! (is-eq tx-sender contract-owner) err-owner-only)
   |          ^^^^^^^^


 ====== Linting examples/stackings-and-rewards.clar... ======
Warning: Use of call-contract? inside an as-contract context.
    |
318 |                 (unwrap! (as-contract (contract-call? y-token-trait transfer param-cycle-y-rewards tx-sender claimer none)) (err "err-y-token-transfer-failed"))
    |                           ^^^^^^^^^^^

Warning: Use of call-contract? inside an as-contract context.
    |
320 |                 (unwrap! (as-contract (contract-call? x-token-trait transfer param-cycle-x-rewards tx-sender claimer none)) (err "err-x-token-transfer-failed"))
    |                           ^^^^^^^^^^^

Warning: Use of call-contract? inside an as-contract context.
    |
326 |                 (unwrap! (as-contract (contract-call? x-token-trait transfer param-cycle-x-rewards tx-sender claimer none)) (err "err-x-token-transfer-failed"))
    |                           ^^^^^^^^^^^

Warning: Use of call-contract? inside an as-contract context.
    |
329 |                 (unwrap! (as-contract (contract-call? y-token-trait transfer param-cycle-y-rewards tx-sender claimer none)) (err "err-y-token-transfer-failed"))
    |                           ^^^^^^^^^^^

Warning: Use of call-contract? inside an as-contract context.
    |
364 |                     (unwrap! (as-contract (contract-call? y-token transfer rewards-to-claim-y tx-sender claimer none)) (err "err-y-token-transfer-failed"))
    |                               ^^^^^^^^^^^

Warning: Use of call-contract? inside an as-contract context.
    |
366 |                     (unwrap! (as-contract (contract-call? x-token transfer rewards-to-claim-x tx-sender claimer none)) (err "err-x-token-transfer-failed"))
    |                               ^^^^^^^^^^^

Warning: Use of call-contract? inside an as-contract context.
    |
372 |                     (unwrap! (as-contract (contract-call? x-token transfer rewards-to-claim-x tx-sender claimer none)) (err "err-x-token-transfer-failed"))
    |                               ^^^^^^^^^^^

Warning: Use of call-contract? inside an as-contract context.
    |
375 |                     (unwrap! (as-contract (contract-call? y-token transfer rewards-to-claim-y tx-sender claimer none)) (err "err-y-token-transfer-failed"))
    |                               ^^^^^^^^^^^

Warning: Use of call-contract? inside an as-contract context.
    |
459 |         (unwrap! (as-contract (contract-call? lp-token transfer lp-tokens-to-unstake tx-sender liquidity-provider none)) (err "err-failed-to-transfer-lp-tokens"))
    |                   ^^^^^^^^^^^


 ====== Linting examples/timelocked-wallet.clar... ======
Warning: Use of tx-sender inside an assert
  |
7 |         (asserts! (is-eq tx-sender sender) err-not-token-owner)
  |             ^^^^^^^^

Warning: Use of call-contract? inside an as-contract context.
  |
8 |         (try! (as-contract (contract-call? .timelocked-wallet claim)))
  |                            ^^^^^^^^^^^


 ====== Linting examples/tiny-market.clar... ======
Warning: Use of tx-sender inside an assert
   |
52 |         (asserts! (is-eq contract-owner tx-sender) err-unauthorised)
   |          ^^^^^^^^

Warning: Use of block-height inside a assert
   |
68 |         (asserts! (> (get expiry nft-asset) block-height) err-expiry-in-past)
   |          ^^^^^^^^

Warning: Use of tx-sender inside an assert
   |
87 |         (asserts! (is-eq maker tx-sender) err-unauthorised)
   |          ^^^^^^^^

Warning: Use of tx-sender inside an assert
   |
96 |         (asserts! (not (is-eq (get maker listing) tx-sender)) err-maker-taker-equal)
   |          ^^^^^^^^

Warning: Use of tx-sender inside an assert
   |
97 |         (asserts! (match (get taker listing) intended-taker (is-eq intended-taker tx-sender) true) err-unintended-taker)
   |          ^^^^^^^^

Warning: Use of block-height inside a assert
   |
98 |         (asserts! (< block-height (get expiry listing)) err-listing-expired)
   |          ^^^^^^^^


 ====== Linting examples/new.clar... ======
Warning: Use of call-contract? inside an as-contract context.
   |
34 |                  (unwrap! (as-contract (contract-call? y-token-trait transfer param-cycle-y-rewards tx-sender claimer none)) (err "err-y-token-transfer-failed"))
   |                            ^^^^^^^^^^^

Warning: Use of call-contract? inside an as-contract context.
   |
36 |                  (unwrap! (as-contract (contract-call? x-token-trait transfer param-cycle-x-rewards tx-sender claimer none)) (err "err-x-token-transfer-failed"))
   |                            ^^^^^^^^^^^

Warning: Use of call-contract? inside an as-contract context.
   |
42 |                 (unwrap! (as-contract (contract-call? x-token-trait transfer param-cycle-x-rewards tx-sender claimer none)) (err "err-x-token-transfer-failed"))
   |                           ^^^^^^^^^^^

Warning: Use of call-contract? inside an as-contract context.
   |
45 |                 (unwrap! (as-contract (contract-call? y-token-trait transfer param-cycle-y-rewards tx-sender claimer none)) (err "err-y-token-transfer-failed"))
   |                           ^^^^^^^^^^^


